{
  "C:\\Users\\hayfo\\Documents\\hyf\\parctice-code-review\\src-case\\sort-numbers\\sort.js": {
    "path": "C:\\Users\\hayfo\\Documents\\hyf\\parctice-code-review\\src-case\\sort-numbers\\sort.js",
    "statementMap": {
      "0": {
        "start": { "line": 1, "column": 31 },
        "end": { "line": 3, "column": 7 }
      },
      "1": {
        "start": { "line": 2, "column": 4 },
        "end": { "line": 2, "column": 29 }
      },
      "2": {
        "start": { "line": 2, "column": 22 },
        "end": { "line": 2, "column": 27 }
      }
    },
    "fnMap": {
      "0": {
        "name": "(anonymous_0)",
        "decl": {
          "start": { "line": 1, "column": 31 },
          "end": { "line": 1, "column": 32 }
        },
        "loc": {
          "start": { "line": 1, "column": 45 },
          "end": { "line": 3, "column": 7 }
        },
        "line": 1
      },
      "1": {
        "name": "(anonymous_1)",
        "decl": {
          "start": { "line": 2, "column": 12 },
          "end": { "line": 2, "column": 13 }
        },
        "loc": {
          "start": { "line": 2, "column": 22 },
          "end": { "line": 2, "column": 27 }
        },
        "line": 2
      }
    },
    "branchMap": {},
    "s": { "0": 1, "1": 1, "2": 0 },
    "f": { "0": 1, "1": 0 },
    "b": {},
    "_coverageSchema": "1a1c01bbd47fc00a2c39e90264f33305004495a9",
    "hash": "b9e97769422443636d5a5cde204823bd49be8562"
  }
}
